0 info it worked if it ends with ok
1 verbose cli [ '/usr/local/bin/node', '/usr/local/bin/npm', 'run', 'dev-hmr' ]
2 info using npm@3.10.8
3 info using node@v7.0.0
4 verbose run-script [ 'predev-hmr', 'dev-hmr', 'postdev-hmr' ]
5 info lifecycle wx-vue2-webpack2@1.0.0~predev-hmr: wx-vue2-webpack2@1.0.0
6 silly lifecycle wx-vue2-webpack2@1.0.0~predev-hmr: no script for predev-hmr, continuing
7 info lifecycle wx-vue2-webpack2@1.0.0~dev-hmr: wx-vue2-webpack2@1.0.0
8 verbose lifecycle wx-vue2-webpack2@1.0.0~dev-hmr: unsafe-perm in lifecycle true
9 verbose lifecycle wx-vue2-webpack2@1.0.0~dev-hmr: PATH: /usr/local/lib/node_modules/npm/bin/node-gyp-bin:/Users/zhouhao/projects/vue-zjsh/node_modules/.bin:/usr/local/bin:/usr/bin:/bin:/usr/sbin:/sbin:/opt/X11/bin
10 verbose lifecycle wx-vue2-webpack2@1.0.0~dev-hmr: CWD: /Users/zhouhao/projects/vue-zjsh
11 silly lifecycle wx-vue2-webpack2@1.0.0~dev-hmr: Args: [ '-c', 'webpack-dev-server --inline --hot' ]
12 silly lifecycle wx-vue2-webpack2@1.0.0~dev-hmr: Returned: code: 1  signal: null
13 info lifecycle wx-vue2-webpack2@1.0.0~dev-hmr: Failed to exec dev-hmr script
14 verbose stack Error: wx-vue2-webpack2@1.0.0 dev-hmr: `webpack-dev-server --inline --hot`
14 verbose stack Exit status 1
14 verbose stack     at EventEmitter.<anonymous> (/usr/local/lib/node_modules/npm/lib/utils/lifecycle.js:255:16)
14 verbose stack     at emitTwo (events.js:106:13)
14 verbose stack     at EventEmitter.emit (events.js:191:7)
14 verbose stack     at ChildProcess.<anonymous> (/usr/local/lib/node_modules/npm/lib/utils/spawn.js:40:14)
14 verbose stack     at emitTwo (events.js:106:13)
14 verbose stack     at ChildProcess.emit (events.js:191:7)
14 verbose stack     at maybeClose (internal/child_process.js:877:16)
14 verbose stack     at Process.ChildProcess._handle.onexit (internal/child_process.js:226:5)
15 verbose pkgid wx-vue2-webpack2@1.0.0
16 verbose cwd /Users/zhouhao/projects/vue-zjsh
17 error Darwin 16.0.0
18 error argv "/usr/local/bin/node" "/usr/local/bin/npm" "run" "dev-hmr"
19 error node v7.0.0
20 error npm  v3.10.8
21 error code ELIFECYCLE
22 error wx-vue2-webpack2@1.0.0 dev-hmr: `webpack-dev-server --inline --hot`
22 error Exit status 1
23 error Failed at the wx-vue2-webpack2@1.0.0 dev-hmr script 'webpack-dev-server --inline --hot'.
23 error Make sure you have the latest version of node.js and npm installed.
23 error If you do, this is most likely a problem with the wx-vue2-webpack2 package,
23 error not with npm itself.
23 error Tell the author that this fails on your system:
23 error     webpack-dev-server --inline --hot
23 error You can get information on how to open an issue for this project with:
23 error     npm bugs wx-vue2-webpack2
23 error Or if that isn't available, you can get their info via:
23 error     npm owner ls wx-vue2-webpack2
23 error There is likely additional logging output above.
24 verbose exit [ 1, true ]
